make all --print-data-base --no-builtin-variables --no-builtin-rules --question
# GNU Make 4.2.1
# Built for x86_64-pc-linux-gnu
# Copyright (C) 1988-2016 Free Software Foundation, Inc.
# License GPLv3+: GNU GPL version 3 or later <http://gnu.org/licenses/gpl.html>
# This is free software: you are free to change and redistribute it.
# There is NO WARRANTY, to the extent permitted by law.
 

# Make data base, printed on Thu May 12 15:15:07 2022

# Variables

# automatic
<D = $(patsubst %/,%,$(dir $<))
# automatic
?F = $(notdir $?)
# makefile (from 'Makefile', line 23)
DIRS = srcs
# environment
DESKTOP_SESSION = ubuntu
# default
.SHELLFLAGS := -c
# environment
XDG_SESSION_CLASS = user
# environment
XDG_SESSION_TYPE = x11
# environment
VSCODE_LOG_NATIVE = false
# makefile (from 'Makefile', line 16)
TARGET = philo
# automatic
?D = $(patsubst %/,%,$(dir $?))
# makefile (from 'Makefile', line 27)
INCLUDES = $(foreach dir, $(INCLUDESDIR), $(addprefix -I, $(dir)))
# automatic
@D = $(patsubst %/,%,$(dir $@))
# environment
XAUTHORITY = /mnt/nfs/homes/barodrig/.Xauthority
# environment
GDMSESSION = ubuntu
# environment
XMODIFIERS = @im=ibus
# makefile
CURDIR := /mnt/nfs/homes/barodrig/philosophers/philo
# makefile
SHELL = /bin/sh
# makefile (from 'Makefile', line 38)
RM = rm -rf
# environment
GDM_LANG = en
# environment
VSCODE_NLS_CONFIG = {"locale":"en-us","availableLanguages":{},"_languagePackSupport":true}
# environment
_ = /usr/share/code/code
# environment
JOURNAL_STREAM = 9:2685757
# environment
XDG_CONFIG_DIRS = /etc/xdg/xdg-ubuntu:/etc/xdg
# makefile (from 'Makefile', line 1)
MAKEFILE_LIST :=  Makefile
# automatic
@F = $(notdir $@)
# environment
GIO_LAUNCHED_DESKTOP_FILE = /usr/share/applications/code.desktop
# 'override' directive
GNUMAKEFLAGS := 
# makefile (from 'Makefile', line 31)
SOURCES = $(foreach dir,$(SOURCEDIRS),$(wildcard $(dir)/*.c))
# environment
MANDATORY_PATH = /usr/share/gconf/ubuntu.mandatory.path
# environment
XDG_DATA_DIRS = /usr/share/gnome:/usr/share/ubuntu:/mnt/nfs/homes/barodrig/.local/share/flatpak/exports/share:/var/lib/flatpak/exports/share:/usr/local/share:/usr/share:/var/lib/snapd/desktop
# environment
DBUS_SESSION_BUS_ADDRESS = unix:path=/run/user/39345/bus
# environment
VSCODE_VERBOSE_LOGGING = true
# makefile (from 'Makefile', line 20)
BUILDDIR := /mnt/nfs/homes/barodrig/philosophers/philo/Build
# makefile (from 'Makefile', line 33)
OBJS := /mnt/nfs/homes/barodrig/philosophers/philo/Build/srcs/routine_start.o /mnt/nfs/homes/barodrig/philosophers/philo/Build/srcs/print.o /mnt/nfs/homes/barodrig/philosophers/philo/Build/srcs/time.o /mnt/nfs/homes/barodrig/philosophers/philo/Build/srcs/philo.o /mnt/nfs/homes/barodrig/philosophers/philo/Build/srcs/init_philo.o /mnt/nfs/homes/barodrig/philosophers/philo/Build/srcs/routine_philo.o /mnt/nfs/homes/barodrig/philosophers/philo/Build/srcs/init_data.o /mnt/nfs/homes/barodrig/philosophers/philo/Build/srcs/routine_monitor.o /mnt/nfs/homes/barodrig/philosophers/philo/Build/srcs/free_all.o /mnt/nfs/homes/barodrig/philosophers/philo/Build/srcs/utils.o
# environment
MANAGERPID = 447256
# environment
VSCODE_IPC_HOOK_EXTHOST = /run/user/39345/vscode-ipc-3fadede0-9ae6-4985-8c68-c7b99f8bb55f.sock
# environment
VSCODE_CWD = /mnt/nfs/homes/barodrig
# environment
XDG_SESSION_PATH = /org/freedesktop/DisplayManager/Session6
# environment
KRB5CCNAME = FILE:/tmp/krb5cc_39345_p3mx67
# default
MAKE_HOST := x86_64-pc-linux-gnu
# environment
PATH = /mnt/nfs/homes/barodrig/bin:/usr/local/sbin:/usr/local/bin:/usr/sbin:/usr/bin:/sbin:/bin:/usr/games:/usr/local/games:/snap/bin
# environment
GPG_AGENT_INFO = /run/user/39345/gnupg/S.gpg-agent:0:1
# environment
LSCOLORS = Gxfxcxdxbxegedabagacad
# environment
SESSION_MANAGER = local/e3r5p18.clusters.42paris.fr:@/tmp/.ICE-unix/447755,unix/e3r5p18.clusters.42paris.fr:/tmp/.ICE-unix/447755
# environment
XDG_RUNTIME_DIR = /run/user/39345
# makefile (from 'Makefile', line 25)
TARGETDIRS = $(foreach dir, $(DIRS), $(addprefix $(BUILDDIR)/, $(dir)))
# makefile (from 'Makefile', line 29)
VPATH = $(SOURCEDIRS)
# environment
XDG_MENU_PREFIX = gnome-
# environment
VSCODE_LOG_STACK = false
# environment
ELECTRON_RUN_AS_NODE = 1
# environment
INVOCATION_ID = d6c0b03ad7e1440086aba9e7e8dde60e
# default
.FEATURES := target-specific order-only second-expansion else-if shortest-stem undefine oneshell archives jobserver output-sync check-symlink load
# makefile (from 'Makefile', line 45)
PSEP = $(strip $(SEP))
# environment
XDG_GREETER_DATA_DIR = /var/lib/lightdm-data/barodrig
# environment
LS_COLORS = 
# environment
XDG_SESSION_DESKTOP = ubuntu
# environment
SSH_AUTH_SOCK = /run/user/39345/keyring/ssh
# environment
GIO_LAUNCHED_DESKTOP_FILE_PID = 448133
# automatic
%F = $(notdir $%)
# environment
DISPLAY = :0
# environment
VSCODE_PIPE_LOGGING = true
# environment
PWD = /mnt/nfs/homes/barodrig/philosophers/philo
# default
.LOADED := 
# environment
SSH_AGENT_PID = 447700
# environment
ORIGINAL_XDG_CURRENT_DESKTOP = ubuntu:GNOME
# makefile (from 'Makefile', line 14)
GREEN = \033[1;32m
# environment
GTK_MODULES = gail:atk-bridge
# environment
VSCODE_AMD_ENTRYPOINT = vs/workbench/api/node/extensionHostProcess
# environment
HOME = /mnt/nfs/homes/barodrig
# environment
VSCODE_CODE_CACHE_PATH = /mnt/nfs/homes/barodrig/.config/Code/CachedData/dfd34e8260c270da74b5c2d86d61aee4b6d56977
# environment
LOGNAME = barodrig
# environment
APPLICATION_INSIGHTS_NO_DIAGNOSTIC_CHANNEL = 1
# environment
ZSH = /mnt/nfs/homes/barodrig/.oh-my-zsh
# environment
VSCODE_HANDLES_UNCAUGHT_ERRORS = true
# environment
GNOME_DESKTOP_SESSION_ID = this-is-deprecated
# automatic
^D = $(patsubst %/,%,$(dir $^))
# makefile (from 'Makefile', line 40)
MKDIR = mkdir -p
# environment
MAKELEVEL := 0
# default
MAKE = $(MAKE_COMMAND)
# default
MAKECMDGOALS := all
# environment
QT_IM_MODULE = ibus
# makefile (from 'Makefile', line 39)
RMDIR = rm -rf
# environment
SHLVL = 0
# makefile (from 'Makefile', line 37)
CC = clang -Wall -Wextra -Werror -pthread
# environment
IM_CONFIG_PHASE = 1
# default
MAKE_VERSION := 4.2.1
# environment
USER = barodrig
# makefile
.DEFAULT_GOAL := all
# environment
XDG_CURRENT_DESKTOP = Unity
# environment
LIBVIRT_DEFAULT_URI = qemu:///system
# makefile (from 'Makefile', line 21)
INCLUDESDIR := /mnt/nfs/homes/barodrig/philosophers/philo/includes
# environment
LESS = -R
# automatic
%D = $(patsubst %/,%,$(dir $%))
# makefile (from 'Makefile', line 47)
define generateRules
$(1)/%.o: %.c
	@echo Building $$@
	@$(CC) -c $$(INCLUDES) -o $$(subst /,$$(PSEP),$$@) $$(subst /,$$(PSEP),$$<) 
endef
# makefile (from 'Makefile', line 42)
ERRIGNORE = 2>/dev/null
# default
MAKE_COMMAND := make
# environment
OLDPWD = /mnt/nfs/homes/barodrig
# default
.VARIABLES := 
# automatic
*F = $(notdir $*)
# environment
LANGUAGE = en
# environment
XDG_SEAT_PATH = /org/freedesktop/DisplayManager/Seat0
# environment
VSCODE_IPC_HOOK = /run/user/39345/vscode-1cc25a9a-1.66.2-main.sock
# makefile
MAKEFLAGS = pqrR
# environment
MFLAGS = -pqrR
# automatic
*D = $(patsubst %/,%,$(dir $*))
# automatic
+D = $(patsubst %/,%,$(dir $+))
# makefile (from 'Makefile', line 41)
SEP = /
# makefile (from 'Makefile', line 13)
YELLOW = \033[1;33m
# environment
GDK_BACKEND = x11
# makefile (from 'Makefile', line 24)
SOURCEDIRS = $(foreach dir, $(DIRS), $(addprefix $(SOURCEDIR)/, $(dir)))
# automatic
+F = $(notdir $+)
# environment
QT_ACCESSIBILITY = 1
# environment
DEFAULTS_PATH = /usr/share/gconf/ubuntu.default.path
# default
MAKEFILES := 
# automatic
<F = $(notdir $<)
# makefile (from 'Makefile', line 18)
PROJDIR = $(realpath $(CURDIR))
# environment
PAGER = less
# environment
LC_ALL = C
# environment
GJS_DEBUG_TOPICS = JS ERROR;JS LOG
# automatic
^F = $(notdir $^)
# makefile (from 'Makefile', line 35)
DEPS = $(OBJS:.o=.d)
# default
SUFFIXES := 
# environment
CHROME_DESKTOP = code-url-handler.desktop
# default
.INCLUDE_DIRS = /usr/include /usr/local/include /usr/include
# environment
GJS_DEBUG_OUTPUT = stderr
# makefile (from 'Makefile', line 43)
NAME = philo
# default
.RECIPEPREFIX := 
# environment
LANG = C
# environment
DOCKER_HOST = unix:///run/user/39345/docker.sock
# makefile (from 'Makefile', line 19)
SOURCEDIR := /mnt/nfs/homes/barodrig/philosophers/philo
# environment
VSCODE_PID = 448133
# variable set hash-table stats:
# Load=131/1024=13%, Rehash=0, Collisions=16/192=8%

# Pattern-specific Variable Values

# No pattern-specific variable values.

# Directories

# /mnt/nfs/homes/barodrig/philosophers/philo/srcs (device 55, inode 192924180): 12 files, no impossibilities.
 
# . (device 55, inode 192924178): 6 files, no impossibilities.

# 18 files, no impossibilities in 2 directories.

# Implicit Rules

/mnt/nfs/homes/barodrig/philosophers/philo/Build/srcs/%.o: %.c
#  recipe to execute (from 'Makefile', line 62):
	@echo Building $@
	@clang -Wall -Wextra -Werror -pthread -c $(INCLUDES) -o $(subst /,$(PSEP),$@) $(subst /,$(PSEP),$<) 

# 1 implicit rules, 0 (0.0%) terminal.

# Files

# Not a target:
/mnt/nfs/homes/barodrig/philosophers/philo/Build/srcs/philo.o:
#  Implicit rule search has not been done.
#  Modification time never checked.
#  File has not been updated.

all: directories philo
#  Phony target (prerequisite of .PHONY).
#  Command line target.
#  Implicit rule search has not been done.
#  File does not exist.
#  File has been updated.
#  Needs to be updated (-q is set).
# variable set hash-table stats:
# Load=0/32=0%, Rehash=0, Collisions=0/10=0%

philo: /mnt/nfs/homes/barodrig/philosophers/philo/Build/srcs/routine_start.o /mnt/nfs/homes/barodrig/philosophers/philo/Build/srcs/print.o /mnt/nfs/homes/barodrig/philosophers/philo/Build/srcs/time.o /mnt/nfs/homes/barodrig/philosophers/philo/Build/srcs/philo.o /mnt/nfs/homes/barodrig/philosophers/philo/Build/srcs/init_philo.o /mnt/nfs/homes/barodrig/philosophers/philo/Build/srcs/routine_philo.o /mnt/nfs/homes/barodrig/philosophers/philo/Build/srcs/init_data.o /mnt/nfs/homes/barodrig/philosophers/philo/Build/srcs/routine_monitor.o /mnt/nfs/homes/barodrig/philosophers/philo/Build/srcs/free_all.o /mnt/nfs/homes/barodrig/philosophers/philo/Build/srcs/utils.o
#  Implicit rule search has not been done.
#  Modification time never checked.
#  File has not been updated.
#  recipe to execute (from 'Makefile', line 56):
	@echo Linking $@
	@$(CC) $(OBJS) -o $(TARGET)

.PHONY: all clean fclean re directories
#  Implicit rule search has not been done.
#  Modification time never checked.
#  File has not been updated.

# Not a target:
/mnt/nfs/homes/barodrig/philosophers/philo/Build/srcs/utils.d:
#  Implicit rule search has been done.
#  File does not exist.
#  File has been updated.
#  Failed to be updated.

# Not a target:
/mnt/nfs/homes/barodrig/philosophers/philo/Build/srcs/print.o:
#  Implicit rule search has not been done.
#  Modification time never checked.
#  File has not been updated.

# Not a target:
/mnt/nfs/homes/barodrig/philosophers/philo/Build/srcs/init_philo.o:
#  Implicit rule search has not been done.
#  Modification time never checked.
#  File has not been updated.

# Not a target:
/mnt/nfs/homes/barodrig/philosophers/philo/Build/srcs/free_all.o:
#  Implicit rule search has not been done.
#  Modification time never checked.
#  File has not been updated.

# Not a target:
/mnt/nfs/homes/barodrig/philosophers/philo/Build/srcs/init_data.d:
#  Implicit rule search has been done.
#  File does not exist.
#  File has been updated.
#  Failed to be updated.

# Not a target:
/mnt/nfs/homes/barodrig/philosophers/philo/Build/srcs/time.o:
#  Implicit rule search has not been done.
#  Modification time never checked.
#  File has not been updated.

# Not a target:
.SUFFIXES:
#  Implicit rule search has not been done.
#  Modification time never checked.
#  File has not been updated.

# Not a target:
Makefile:
#  Implicit rule search has been done.
#  Last modified 2022-05-11 08:46:30.442520564
#  File has been updated.
#  Successfully updated.

fclean: clean
#  Phony target (prerequisite of .PHONY).
#  Implicit rule search has not been done.
#  File does not exist.
#  File has not been updated.
#  recipe to execute (from 'Makefile', line 73):
				@$(RM) $(TARGET) $(ERRIGNORE)

# Not a target:
/mnt/nfs/homes/barodrig/philosophers/philo/Build/srcs/utils.o:
#  Implicit rule search has not been done.
#  Modification time never checked.
#  File has not been updated.

# Not a target:
/mnt/nfs/homes/barodrig/philosophers/philo/Build/srcs/routine_start.d:
#  Implicit rule search has been done.
#  File does not exist.
#  File has been updated.
#  Failed to be updated.

# Not a target:
/mnt/nfs/homes/barodrig/philosophers/philo/Build/srcs/init_data.o:
#  Implicit rule search has not been done.
#  Modification time never checked.
#  File has not been updated.

# Not a target:
.DEFAULT:
#  Implicit rule search has not been done.
#  Modification time never checked.
#  File has not been updated.

re: fclean all
#  Phony target (prerequisite of .PHONY).
#  Implicit rule search has not been done.
#  File does not exist.
#  File has not been updated.

# Not a target:
/mnt/nfs/homes/barodrig/philosophers/philo/Build/srcs/routine_monitor.d:
#  Implicit rule search has been done.
#  File does not exist.
#  File has been updated.
#  Failed to be updated.

clean:
#  Phony target (prerequisite of .PHONY).
#  Implicit rule search has not been done.
#  File does not exist.
#  File has not been updated.
#  recipe to execute (from 'Makefile', line 69):
	@$(RMDIR) $(subst /,$(PSEP), $(PROJDIR)/Build) $(ERRIGNORE)
	@echo Cleaning done ! 

# Not a target:
/mnt/nfs/homes/barodrig/philosophers/philo/Build/srcs/routine_philo.d:
#  Implicit rule search has been done.
#  File does not exist.
#  File has been updated.
#  Failed to be updated.

# Not a target:
/mnt/nfs/homes/barodrig/philosophers/philo/Build/srcs/philo.d:
#  Implicit rule search has been done.
#  File does not exist.
#  File has been updated.
#  Failed to be updated.

# Not a target:
/mnt/nfs/homes/barodrig/philosophers/philo/Build/srcs/routine_start.o:
#  Implicit rule search has not been done.
#  Modification time never checked.
#  File has not been updated.

# Not a target:
/mnt/nfs/homes/barodrig/philosophers/philo/Build/srcs/time.d:
#  Implicit rule search has been done.
#  File does not exist.
#  File has been updated.
#  Failed to be updated.

# Not a target:
/mnt/nfs/homes/barodrig/philosophers/philo/Build/srcs/print.d:
#  Implicit rule search has been done.
#  File does not exist.
#  File has been updated.
#  Failed to be updated.

# Not a target:
/mnt/nfs/homes/barodrig/philosophers/philo/Build/srcs/init_philo.d:
#  Implicit rule search has been done.
#  File does not exist.
#  File has been updated.
#  Failed to be updated.

# Not a target:
/mnt/nfs/homes/barodrig/philosophers/philo/Build/srcs/free_all.d:
#  Implicit rule search has been done.
#  File does not exist.
#  File has been updated.
#  Failed to be updated.

directories:
#  Phony target (prerequisite of .PHONY).
#  Implicit rule search has not been done.
#  Implicit/static pattern stem: ''
#  File does not exist.
#  File has been updated.
#  Needs to be updated (-q is set).
# automatic
# @ := directories
# automatic
# % := 
# automatic
# * := 
# automatic
# + := 
# automatic
# | := 
# automatic
# < := 
# automatic
# ^ := 
# automatic
# ? := 
# variable set hash-table stats:
# Load=8/32=25%, Rehash=0, Collisions=1/18=6%
#  recipe to execute (from 'Makefile', line 65):
	@$(MKDIR) $(subst /,$(PSEP),$(TARGETDIRS)) $(ERRIGNORE)

# Not a target:
/mnt/nfs/homes/barodrig/philosophers/philo/Build/srcs/routine_monitor.o:
#  Implicit rule search has not been done.
#  Modification time never checked.
#  File has not been updated.

# Not a target:
/mnt/nfs/homes/barodrig/philosophers/philo/Build/srcs/routine_philo.o:
#  Implicit rule search has not been done.
#  Modification time never checked.
#  File has not been updated.

# files hash-table stats:
# Load=30/1024=3%, Rehash=0, Collisions=6/74=8%
# VPATH Search Paths

# No 'vpath' search paths.

# General ('VPATH' variable) search path:
# /mnt/nfs/homes/barodrig/philosophers/philo/srcs

# strcache buffers: 1 (0) / strings = 51 / storage = 1675 B / avg = 32 B
# current buf: size = 8162 B / used = 1675 B / count = 51 / avg = 32 B

# strcache performance: lookups = 87 / hit rate = 41%
# hash-table stats:
# Load=51/8192=1%, Rehash=0, Collisions=2/87=2%
# Finished Make data base on Thu May 12 15:15:07 2022

 
